0 info it worked if it ends with ok
1 verbose cli [ '/usr/local/Cellar/node4-lts/4.5.0/bin/node',
1 verbose cli   '/usr/local/bin/npm',
1 verbose cli   'run',
1 verbose cli   'sass',
1 verbose cli   'watch' ]
2 info using npm@2.15.9
3 info using node@v4.5.0
4 verbose stack Error: missing script: sass
4 verbose stack     at run (/usr/local/lib/node_modules/npm/lib/run-script.js:142:19)
4 verbose stack     at /usr/local/lib/node_modules/npm/lib/run-script.js:58:5
4 verbose stack     at /usr/local/lib/node_modules/npm/node_modules/read-package-json/read-json.js:356:5
4 verbose stack     at checkBinReferences_ (/usr/local/lib/node_modules/npm/node_modules/read-package-json/read-json.js:320:45)
4 verbose stack     at final (/usr/local/lib/node_modules/npm/node_modules/read-package-json/read-json.js:354:3)
4 verbose stack     at then (/usr/local/lib/node_modules/npm/node_modules/read-package-json/read-json.js:124:5)
4 verbose stack     at /usr/local/lib/node_modules/npm/node_modules/read-package-json/read-json.js:243:12
4 verbose stack     at /usr/local/lib/node_modules/npm/node_modules/graceful-fs/graceful-fs.js:78:16
4 verbose stack     at FSReqWrap.readFileAfterClose [as oncomplete] (fs.js:380:3)
5 verbose cwd /Users/jensen/Sites/new.Neos.NeosIo/Neos.NeosIo/Packages/Sites/Neos.NeosIo
6 error Darwin 14.5.0
7 error argv "/usr/local/Cellar/node4-lts/4.5.0/bin/node" "/usr/local/bin/npm" "run" "sass" "watch"
8 error node v4.5.0
9 error npm  v2.15.9
10 error missing script: sass
11 error If you need help, you may report this error at:
11 error     <https://github.com/npm/npm/issues>
12 verbose exit [ 1, true ]
